=== weekly_seo_batch.py === 2026-07-05 11:56
Queue: 570 pending topics. Processing 50.
[SKIP] roofing-leads-arizona (already exists)
[OK] hvac-leads-arizona
[OK] plumbing-leads-arizona
[OK] pest-control-leads-arizona
[OK] landscaping-leads-arizona
[OK] fencing-leads-arizona
[OK] garage-door-leads-arizona
[OK] electrical-leads-arizona
[OK] painting-leads-arizona
[OK] window-replacement-leads-arizona
[OK] siding-leads-arizona
[OK] gutter-leads-arizona
[OK] pressure-washing-leads-arizona
[OK] tree-service-leads-arizona
[OK] insulation-leads-arizona
[SKIP] roofing-leads-georgia (already exists)
[OK] hvac-leads-georgia
[OK] plumbing-leads-georgia
[OK] pest-control-leads-georgia
[OK] landscaping-leads-georgia
[OK] fencing-leads-georgia
[OK] garage-door-leads-georgia
[OK] electrical-leads-georgia
[OK] painting-leads-georgia
[OK] window-replacement-leads-georgia
[OK] siding-leads-georgia
[OK] gutter-leads-georgia
[OK] pressure-washing-leads-georgia
[OK] tree-service-leads-georgia
[OK] insulation-leads-georgia
[SKIP] roofing-leads-north-carolina (already exists)
[OK] hvac-leads-north-carolina
[OK] plumbing-leads-north-carolina
[OK] pest-control-leads-north-carolina
[OK] landscaping-leads-north-carolina
[OK] fencing-leads-north-carolina
[OK] garage-door-leads-north-carolina
[OK] electrical-leads-north-carolina
[OK] painting-leads-north-carolina
[OK] window-replacement-leads-north-carolina
[OK] siding-leads-north-carolina
[OK] gutter-leads-north-carolina
[OK] pressure-washing-leads-north-carolina
[OK] tree-service-leads-north-carolina
[OK] insulation-leads-north-carolina
[SKIP] roofing-leads-colorado (already exists)
[OK] hvac-leads-colorado
[OK] plumbing-leads-colorado
[OK] pest-control-leads-colorado
[OK] landscaping-leads-colorado
Sitemap: 46 URLs added. YML: 46 URLs added.
Git push: OK
Google ping: skipped/failed
Done. Written: 46 | Skipped: 4 | Queue remaining: 520

=== weekly_seo_batch.py === 2026-07-13 22:34
Queue: 1166 pending topics. Processing 50.
[OK] fencing-leads-colorado
[OK] garage-door-leads-colorado
[OK] electrical-leads-colorado
[OK] painting-leads-colorado
[OK] window-replacement-leads-colorado
[OK] siding-leads-colorado
[OK] gutter-leads-colorado
[OK] pressure-washing-leads-colorado
[OK] tree-service-leads-colorado
[OK] insulation-leads-colorado
[SKIP] roofing-leads-illinois (already exists)
[OK] hvac-leads-illinois
[OK] plumbing-leads-illinois
[OK] pest-control-leads-illinois
[OK] landscaping-leads-illinois
[OK] fencing-leads-illinois
[OK] garage-door-leads-illinois
[OK] electrical-leads-illinois
[OK] painting-leads-illinois
[OK] window-replacement-leads-illinois
[OK] siding-leads-illinois
[OK] gutter-leads-illinois
[OK] pressure-washing-leads-illinois
[OK] tree-service-leads-illinois
[OK] insulation-leads-illinois
[OK] roofing-leads-virginia
[OK] hvac-leads-virginia
[OK] plumbing-leads-virginia
[OK] pest-control-leads-virginia
[OK] landscaping-leads-virginia
[OK] fencing-leads-virginia
[OK] garage-door-leads-virginia
[OK] electrical-leads-virginia
[OK] painting-leads-virginia
[OK] window-replacement-leads-virginia
[OK] siding-leads-virginia
[OK] gutter-leads-virginia
[OK] pressure-washing-leads-virginia
[OK] tree-service-leads-virginia
[OK] insulation-leads-virginia
[OK] roofing-leads-washington
[OK] hvac-leads-washington
[OK] plumbing-leads-washington
[OK] pest-control-leads-washington
[OK] landscaping-leads-washington
[OK] fencing-leads-washington
[OK] garage-door-leads-washington
[OK] electrical-leads-washington
[OK] painting-leads-washington
[OK] window-replacement-leads-washington
Sitemap: 49 URLs added. YML: 49 URLs added.
Git push: OK
Google ping: skipped/failed
Done. Written: 49 | Skipped: 1 | Queue remaining: 1116

